[debug] [2026-07-21T14:00:34.940Z] ----------------------------------------------------------------------
[debug] [2026-07-21T14:00:34.952Z] Command:       /Users/dancoyle/.nvm/versions/node/v22.14.0/bin/node /usr/local/bin/firebase projects:list
[debug] [2026-07-21T14:00:34.954Z] CLI Version:   13.24.2
[debug] [2026-07-21T14:00:34.955Z] Platform:      darwin
[debug] [2026-07-21T14:00:34.955Z] Node Version:  v22.14.0
[debug] [2026-07-21T14:00:34.962Z] Time:          Tue Jul 21 2026 10:00:34 GMT-0400 (Eastern Daylight Time)
[debug] [2026-07-21T14:00:34.963Z] ----------------------------------------------------------------------
[debug] 
[debug] [2026-07-21T14:00:35.014Z] > command requires scopes: ["email","openid","https://www.googleapis.com/auth/cloudplatformprojects.readonly","https://www.googleapis.com/auth/firebase","https://www.googleapis.com/auth/cloud-platform"]
[debug] [2026-07-21T14:00:35.015Z] > authorizing via signed-in user (dancoyle89@gmail.com)
[debug] [2026-07-21T14:00:35.030Z] Checked if tokens are valid: false, expires at: 1731443953191
[debug] [2026-07-21T14:00:35.031Z] Checked if tokens are valid: false, expires at: 1731443953191
[debug] [2026-07-21T14:00:35.031Z] > refreshing access token with scopes: []
[debug] [2026-07-21T14:00:35.039Z] >>> [apiv2][query] POST https://www.googleapis.com/oauth2/v3/token [none]
[debug] [2026-07-21T14:00:35.039Z] >>> [apiv2][body] POST https://www.googleapis.com/oauth2/v3/token [omitted]
[debug] [2026-07-21T14:00:35.735Z] <<< [apiv2][status] POST https://www.googleapis.com/oauth2/v3/token 400
[debug] [2026-07-21T14:00:35.735Z] <<< [apiv2][body] POST https://www.googleapis.com/oauth2/v3/token [omitted]
[debug] [2026-07-21T14:00:35.737Z] >>> [apiv2][query] GET https://firebase.googleapis.com/v1beta1/projects pageSize=1000
[debug] [2026-07-21T14:00:35.981Z] <<< [apiv2][status] GET https://firebase.googleapis.com/v1beta1/projects 401
[debug] [2026-07-21T14:00:35.982Z] <<< [apiv2][body] GET https://firebase.googleapis.com/v1beta1/projects [omitted]
[debug] [2026-07-21T14:00:35.982Z] Got a 401 Unauthenticated error for a call that required authentication. Refreshing tokens.
[debug] [2026-07-21T14:00:35.982Z] Checked if tokens are valid: false, expires at: 1731443953191
[debug] [2026-07-21T14:00:35.982Z] Checked if tokens are valid: false, expires at: 1731443953191
[debug] [2026-07-21T14:00:35.982Z] > refreshing access token with scopes: []
[debug] [2026-07-21T14:00:35.983Z] >>> [apiv2][query] POST https://www.googleapis.com/oauth2/v3/token [none]
[debug] [2026-07-21T14:00:35.983Z] >>> [apiv2][body] POST https://www.googleapis.com/oauth2/v3/token [omitted]
[debug] [2026-07-21T14:00:36.055Z] <<< [apiv2][status] POST https://www.googleapis.com/oauth2/v3/token 400
[debug] [2026-07-21T14:00:36.056Z] <<< [apiv2][body] POST https://www.googleapis.com/oauth2/v3/token [omitted]
[debug] [2026-07-21T14:00:36.058Z] Request to https://firebase.googleapis.com/v1beta1/projects?pageSize=1000 had HTTP Error: 401, Request had invalid authentication credentials. Expected OAuth 2 access token, login cookie or other valid authentication credential. See https://developers.google.com/identity/sign-in/web/devconsole-project.
[debug] [2026-07-21T14:00:36.182Z] FirebaseError: Request to https://firebase.googleapis.com/v1beta1/projects?pageSize=1000 had HTTP Error: 401, Request had invalid authentication credentials. Expected OAuth 2 access token, login cookie or other valid authentication credential. See https://developers.google.com/identity/sign-in/web/devconsole-project.
    at responseToError (/usr/local/lib/node_modules/firebase-tools/lib/responseToError.js:52:12)
    at RetryOperation._fn (/usr/local/lib/node_modules/firebase-tools/lib/apiv2.js:312:77)
    at process.processTicksAndRejections (node:internal/process/task_queues:105:5)
[error] 
[error] Error: Failed to list Firebase projects. See firebase-debug.log for more info.
